<?xml version="1.0" encoding="UTF-8"?>
<!-- Generated by org.testng.reporters.JUnitReportReporter -->
<testsuite hostname="DESKTOP-1K6VV8I" failures="0" tests="2" name="tests.TestValidation" time="328.579" errors="0" timestamp="2022-04-22T15:59:58 IST" skipped="0">
  <testcase classname="tests.TestValidation" name="PriceValidation" time="188.544"/>
  <system-out/>
  <testcase classname="tests.TestValidation" name="TestGenericGrid" time="140.035"/>
  <system-out/>
</testsuite> <!-- tests.TestValidation -->
